<?xml version="1.0" encoding="UTF-8"?>
<!-- Generated by org.testng.reporters.JUnitReportReporter -->
<testsuite hostname="DESKTOP-360P72K" failures="0" tests="2" name="com.mycompany.app.SeleniumTest" time="0.002" errors="0" timestamp="2021-02-04T20:37:03 IST" skipped="0">
  <testcase classname="com.mycompany.app.SeleniumTest" name="BrowserAutomation" time="0.001"/>
  <system-out/>
  <testcase classname="com.mycompany.app.SeleniumTest" name="elementsUI" time="0.001"/>
  <system-out/>
</testsuite> <!-- com.mycompany.app.SeleniumTest -->
