<?xml version="1.0" encoding="UTF-8"?>
<!-- Generated by org.testng.reporters.JUnitReportReporter -->
<testsuite hostname="DESKTOP-360P72K" failures="0" tests="2" name="com.mycompany.app.RESTAPITest" time="0.001" errors="0" timestamp="2021-02-06T23:10:30 IST" skipped="0">
  <testcase classname="com.mycompany.app.RESTAPITest" name="postJira" time="0.001"/>
  <system-out/>
  <testcase classname="com.mycompany.app.RESTAPITest" name="deleteTwitter" time="0.000"/>
  <system-out/>
</testsuite> <!-- com.mycompany.app.RESTAPITest -->
