<?xml version="1.0" encoding="UTF-8"?>
<!-- Generated by org.testng.reporters.JUnitReportReporter -->
<testsuite hostname="DESKTOP-360P72K" failures="0" tests="2" name="com.mycompany.app.AppiumTest" time="0.006" errors="0" timestamp="2021-02-06T23:10:30 IST" skipped="0">
  <testcase classname="com.mycompany.app.AppiumTest" name="chargeTest" time="0.005"/>
  <system-out/>
  <testcase classname="com.mycompany.app.AppiumTest" name="mobileTest" time="0.001"/>
  <system-out/>
</testsuite> <!-- com.mycompany.app.AppiumTest -->
